21-Feb-2022 17:03:54.808 WARNING [http-nio-8080-exec-28] org.apache.catalina.realm.LockOutRealm.filterLockedAccounts Se ha intentado autenticar al usuario bloqueado [ale]
21-Feb-2022 17:03:59.895 WARNING [http-nio-8080-exec-28] org.apache.catalina.realm.LockOutRealm.filterLockedAccounts Se ha intentado autenticar al usuario bloqueado [admin]
21-Feb-2022 17:04:00.073 WARNING [http-nio-8080-exec-23] org.apache.catalina.realm.LockOutRealm.filterLockedAccounts Se ha intentado autenticar al usuario bloqueado [admin]
21-Feb-2022 17:04:02.568 WARNING [http-nio-8080-exec-29] org.apache.catalina.realm.LockOutRealm.filterLockedAccounts Se ha intentado autenticar al usuario bloqueado [ale]
21-Feb-2022 17:04:20.901 WARNING [http-nio-8080-exec-21] org.apache.catalina.realm.LockOutRealm.filterLockedAccounts Se ha intentado autenticar al usuario bloqueado [admin]
21-Feb-2022 17:04:21.484 WARNING [http-nio-8080-exec-25] org.apache.catalina.realm.LockOutRealm.filterLockedAccounts Se ha intentado autenticar al usuario bloqueado [admin]
21-Feb-2022 17:04:21.799 WARNING [http-nio-8080-exec-29] org.apache.catalina.realm.LockOutRealm.filterLockedAccounts Se ha intentado autenticar al usuario bloqueado [admin]
21-Feb-2022 17:04:22.286 WARNING [http-nio-8080-exec-26] org.apache.catalina.realm.LockOutRealm.filterLockedAccounts Se ha intentado autenticar al usuario bloqueado [admin]
21-Feb-2022 17:04:22.636 WARNING [http-nio-8080-exec-24] org.apache.catalina.realm.LockOutRealm.filterLockedAccounts Se ha intentado autenticar al usuario bloqueado [admin]
21-Feb-2022 17:04:22.984 WARNING [http-nio-8080-exec-21] org.apache.catalina.realm.LockOutRealm.filterLockedAccounts Se ha intentado autenticar al usuario bloqueado [admin]
21-Feb-2022 17:04:23.939 WARNING [http-nio-8080-exec-23] org.apache.catalina.realm.LockOutRealm.filterLockedAccounts Se ha intentado autenticar al usuario bloqueado [admin]
21-Feb-2022 17:04:23.944 WARNING [http-nio-8080-exec-24] org.apache.catalina.realm.LockOutRealm.filterLockedAccounts Se ha intentado autenticar al usuario bloqueado [admin]
21-Feb-2022 17:06:05.838 WARNING [http-nio-8080-exec-23] org.apache.catalina.realm.LockOutRealm.filterLockedAccounts Se ha intentado autenticar al usuario bloqueado [admin]
21-Feb-2022 17:06:06.552 WARNING [http-nio-8080-exec-26] org.apache.catalina.realm.LockOutRealm.filterLockedAccounts Se ha intentado autenticar al usuario bloqueado [admin]
21-Feb-2022 17:06:19.918 INFO [ContainerBackgroundProcessor[StandardEngine[Catalina]]] org.apache.catalina.startup.HostConfig.reload Falló la recarga del contexto []
21-Feb-2022 17:06:19.919 INFO [ContainerBackgroundProcessor[StandardEngine[Catalina]]] org.apache.catalina.core.StandardContext.reload Ha comenzado la recarga de Contexto []
21-Feb-2022 17:06:19.974 INFO [ContainerBackgroundProcessor[StandardEngine[Catalina]]] org.apache.catalina.core.StandardContext.reload Se ha completado la recarga de este Contexto
21-Feb-2022 17:06:19.974 INFO [ContainerBackgroundProcessor[StandardEngine[Catalina]]] org.apache.catalina.startup.HostConfig.reload Falló la recarga del contexto [/examples]
21-Feb-2022 17:06:19.974 INFO [ContainerBackgroundProcessor[StandardEngine[Catalina]]] org.apache.catalina.core.StandardContext.reload Ha comenzado la recarga de Contexto [/examples]
21-Feb-2022 17:06:20.115 INFO [ContainerBackgroundProcessor[StandardEngine[Catalina]]] org.apache.catalina.core.StandardContext.reload Se ha completado la recarga de este Contexto
21-Feb-2022 17:06:20.116 INFO [ContainerBackgroundProcessor[StandardEngine[Catalina]]] org.apache.catalina.startup.HostConfig.reload Falló la recarga del contexto [/host-manager]
21-Feb-2022 17:06:20.116 INFO [ContainerBackgroundProcessor[StandardEngine[Catalina]]] org.apache.catalina.core.StandardContext.reload Ha comenzado la recarga de Contexto [/host-manager]
21-Feb-2022 17:06:20.129 INFO [ContainerBackgroundProcessor[StandardEngine[Catalina]]] org.apache.catalina.core.StandardContext.reload Se ha completado la recarga de este Contexto
21-Feb-2022 17:06:20.130 INFO [ContainerBackgroundProcessor[StandardEngine[Catalina]]] org.apache.catalina.startup.HostConfig.reload Falló la recarga del contexto [/manager]
21-Feb-2022 17:06:20.130 INFO [ContainerBackgroundProcessor[StandardEngine[Catalina]]] org.apache.catalina.core.StandardContext.reload Ha comenzado la recarga de Contexto [/manager]
21-Feb-2022 17:06:20.144 INFO [ContainerBackgroundProcessor[StandardEngine[Catalina]]] org.apache.catalina.core.StandardContext.reload Se ha completado la recarga de este Contexto
21-Feb-2022 17:06:20.144 INFO [ContainerBackgroundProcessor[StandardEngine[Catalina]]] org.apache.catalina.startup.HostConfig.reload Falló la recarga del contexto [/docs]
21-Feb-2022 17:06:20.144 INFO [ContainerBackgroundProcessor[StandardEngine[Catalina]]] org.apache.catalina.core.StandardContext.reload Ha comenzado la recarga de Contexto [/docs]
21-Feb-2022 17:06:20.155 INFO [ContainerBackgroundProcessor[StandardEngine[Catalina]]] org.apache.catalina.core.StandardContext.reload Se ha completado la recarga de este Contexto
21-Feb-2022 17:07:33.037 WARNING [http-nio-8080-exec-25] org.apache.catalina.realm.LockOutRealm.filterLockedAccounts Se ha intentado autenticar al usuario bloqueado [admin]
21-Feb-2022 17:07:33.705 WARNING [http-nio-8080-exec-26] org.apache.catalina.realm.LockOutRealm.filterLockedAccounts Se ha intentado autenticar al usuario bloqueado [admin]
21-Feb-2022 17:07:33.866 WARNING [http-nio-8080-exec-34] org.apache.catalina.realm.LockOutRealm.filterLockedAccounts Se ha intentado autenticar al usuario bloqueado [admin]
21-Feb-2022 17:07:34.218 WARNING [http-nio-8080-exec-35] org.apache.catalina.realm.LockOutRealm.filterLockedAccounts Se ha intentado autenticar al usuario bloqueado [admin]
21-Feb-2022 17:07:34.406 WARNING [http-nio-8080-exec-38] org.apache.catalina.realm.LockOutRealm.filterLockedAccounts Se ha intentado autenticar al usuario bloqueado [admin]
21-Feb-2022 17:07:34.586 WARNING [http-nio-8080-exec-31] org.apache.catalina.realm.LockOutRealm.filterLockedAccounts Se ha intentado autenticar al usuario bloqueado [admin]
21-Feb-2022 17:07:34.746 WARNING [http-nio-8080-exec-37] org.apache.catalina.realm.LockOutRealm.filterLockedAccounts Se ha intentado autenticar al usuario bloqueado [admin]
21-Feb-2022 17:09:17.496 WARNING [http-nio-8080-exec-35] org.apache.catalina.realm.LockOutRealm.filterLockedAccounts Se ha intentado autenticar al usuario bloqueado [admin]
21-Feb-2022 17:09:20.872 WARNING [http-nio-8080-exec-34] org.apache.catalina.realm.LockOutRealm.filterLockedAccounts Se ha intentado autenticar al usuario bloqueado [admin]
21-Feb-2022 17:09:36.385 WARNING [http-nio-8080-exec-34] org.apache.catalina.realm.LockOutRealm.filterLockedAccounts Se ha intentado autenticar al usuario bloqueado [admin]
21-Feb-2022 17:09:42.399 WARNING [http-nio-8080-exec-32] org.apache.catalina.realm.LockOutRealm.filterLockedAccounts Se ha intentado autenticar al usuario bloqueado [admin]
21-Feb-2022 17:09:48.727 WARNING [http-nio-8080-exec-38] org.apache.catalina.realm.LockOutRealm.filterLockedAccounts Se ha intentado autenticar al usuario bloqueado [admin]
21-Feb-2022 17:09:49.502 WARNING [http-nio-8080-exec-36] org.apache.catalina.realm.LockOutRealm.filterLockedAccounts Se ha intentado autenticar al usuario bloqueado [admin]
21-Feb-2022 17:09:50.086 WARNING [http-nio-8080-exec-37] org.apache.catalina.realm.LockOutRealm.filterLockedAccounts Se ha intentado autenticar al usuario bloqueado [admin]
21-Feb-2022 17:09:50.418 WARNING [http-nio-8080-exec-32] org.apache.catalina.realm.LockOutRealm.filterLockedAccounts Se ha intentado autenticar al usuario bloqueado [admin]
21-Feb-2022 17:09:50.782 WARNING [http-nio-8080-exec-39] org.apache.catalina.realm.LockOutRealm.filterLockedAccounts Se ha intentado autenticar al usuario bloqueado [admin]
21-Feb-2022 17:09:51.284 WARNING [http-nio-8080-exec-34] org.apache.catalina.realm.LockOutRealm.filterLockedAccounts Se ha intentado autenticar al usuario bloqueado [admin]
21-Feb-2022 17:09:51.618 WARNING [http-nio-8080-exec-40] org.apache.catalina.realm.LockOutRealm.filterLockedAccounts Se ha intentado autenticar al usuario bloqueado [admin]
21-Feb-2022 17:09:52.335 WARNING [http-nio-8080-exec-37] org.apache.catalina.realm.LockOutRealm.filterLockedAccounts Se ha intentado autenticar al usuario bloqueado [admin]
21-Feb-2022 17:09:52.676 WARNING [http-nio-8080-exec-33] org.apache.catalina.realm.LockOutRealm.filterLockedAccounts Se ha intentado autenticar al usuario bloqueado [admin]
21-Feb-2022 17:09:53.052 WARNING [http-nio-8080-exec-35] org.apache.catalina.realm.LockOutRealm.filterLockedAccounts Se ha intentado autenticar al usuario bloqueado [admin]
21-Feb-2022 17:09:53.419 WARNING [http-nio-8080-exec-38] org.apache.catalina.realm.LockOutRealm.filterLockedAccounts Se ha intentado autenticar al usuario bloqueado [admin]
21-Feb-2022 17:09:53.769 WARNING [http-nio-8080-exec-36] org.apache.catalina.realm.LockOutRealm.filterLockedAccounts Se ha intentado autenticar al usuario bloqueado [admin]
21-Feb-2022 17:09:54.118 WARNING [http-nio-8080-exec-37] org.apache.catalina.realm.LockOutRealm.filterLockedAccounts Se ha intentado autenticar al usuario bloqueado [admin]
21-Feb-2022 17:09:54.651 WARNING [http-nio-8080-exec-33] org.apache.catalina.realm.LockOutRealm.filterLockedAccounts Se ha intentado autenticar al usuario bloqueado [admin]
21-Feb-2022 17:10:44.006 WARNING [http-nio-8080-exec-35] org.apache.catalina.realm.LockOutRealm.filterLockedAccounts Se ha intentado autenticar al usuario bloqueado [admin]
21-Feb-2022 17:10:50.107 WARNING [http-nio-8080-exec-38] org.apache.catalina.realm.LockOutRealm.filterLockedAccounts Se ha intentado autenticar al usuario bloqueado [admin]
21-Feb-2022 17:11:21.546 WARNING [http-nio-8080-exec-34] org.apache.catalina.realm.LockOutRealm.filterLockedAccounts Se ha intentado autenticar al usuario bloqueado [admin]
21-Feb-2022 17:11:25.551 WARNING [http-nio-8080-exec-38] org.apache.catalina.realm.LockOutRealm.filterLockedAccounts Se ha intentado autenticar al usuario bloqueado [admin]
21-Feb-2022 17:17:20.270 WARNING [http-nio-8080-exec-35] org.apache.catalina.realm.LockOutRealm.filterLockedAccounts Se ha intentado autenticar al usuario bloqueado [admin]
21-Feb-2022 17:17:39.468 WARNING [http-nio-8080-exec-37] org.apache.catalina.realm.LockOutRealm.filterLockedAccounts Se ha intentado autenticar al usuario bloqueado [admin]
21-Feb-2022 17:17:39.786 WARNING [http-nio-8080-exec-33] org.apache.catalina.realm.LockOutRealm.filterLockedAccounts Se ha intentado autenticar al usuario bloqueado [admin]
21-Feb-2022 17:17:40.086 WARNING [http-nio-8080-exec-35] org.apache.catalina.realm.LockOutRealm.filterLockedAccounts Se ha intentado autenticar al usuario bloqueado [admin]
21-Feb-2022 17:17:40.386 WARNING [http-nio-8080-exec-39] org.apache.catalina.realm.LockOutRealm.filterLockedAccounts Se ha intentado autenticar al usuario bloqueado [admin]
21-Feb-2022 17:17:40.685 WARNING [http-nio-8080-exec-36] org.apache.catalina.realm.LockOutRealm.filterLockedAccounts Se ha intentado autenticar al usuario bloqueado [admin]
21-Feb-2022 17:17:41.019 WARNING [http-nio-8080-exec-37] org.apache.catalina.realm.LockOutRealm.filterLockedAccounts Se ha intentado autenticar al usuario bloqueado [admin]
21-Feb-2022 17:17:41.335 WARNING [http-nio-8080-exec-33] org.apache.catalina.realm.LockOutRealm.filterLockedAccounts Se ha intentado autenticar al usuario bloqueado [admin]
21-Feb-2022 17:17:41.686 WARNING [http-nio-8080-exec-35] org.apache.catalina.realm.LockOutRealm.filterLockedAccounts Se ha intentado autenticar al usuario bloqueado [admin]
21-Feb-2022 17:17:42.020 WARNING [http-nio-8080-exec-39] org.apache.catalina.realm.LockOutRealm.filterLockedAccounts Se ha intentado autenticar al usuario bloqueado [admin]
21-Feb-2022 17:17:42.352 WARNING [http-nio-8080-exec-36] org.apache.catalina.realm.LockOutRealm.filterLockedAccounts Se ha intentado autenticar al usuario bloqueado [admin]
21-Feb-2022 17:17:42.685 WARNING [http-nio-8080-exec-37] org.apache.catalina.realm.LockOutRealm.filterLockedAccounts Se ha intentado autenticar al usuario bloqueado [admin]
21-Feb-2022 17:17:43.002 WARNING [http-nio-8080-exec-33] org.apache.catalina.realm.LockOutRealm.filterLockedAccounts Se ha intentado autenticar al usuario bloqueado [admin]
21-Feb-2022 17:17:43.336 WARNING [http-nio-8080-exec-35] org.apache.catalina.realm.LockOutRealm.filterLockedAccounts Se ha intentado autenticar al usuario bloqueado [admin]
21-Feb-2022 17:17:43.665 WARNING [http-nio-8080-exec-39] org.apache.catalina.realm.LockOutRealm.filterLockedAccounts Se ha intentado autenticar al usuario bloqueado [admin]
21-Feb-2022 17:17:44.168 WARNING [http-nio-8080-exec-36] org.apache.catalina.realm.LockOutRealm.filterLockedAccounts Se ha intentado autenticar al usuario bloqueado [admin]
21-Feb-2022 17:17:44.535 WARNING [http-nio-8080-exec-37] org.apache.catalina.realm.LockOutRealm.filterLockedAccounts Se ha intentado autenticar al usuario bloqueado [admin]
21-Feb-2022 17:17:44.867 WARNING [http-nio-8080-exec-33] org.apache.catalina.realm.LockOutRealm.filterLockedAccounts Se ha intentado autenticar al usuario bloqueado [admin]
21-Feb-2022 17:17:53.559 WARNING [http-nio-8080-exec-33] org.apache.catalina.realm.LockOutRealm.filterLockedAccounts Se ha intentado autenticar al usuario bloqueado [admin]
21-Feb-2022 17:17:53.563 WARNING [http-nio-8080-exec-38] org.apache.catalina.realm.LockOutRealm.filterLockedAccounts Se ha intentado autenticar al usuario bloqueado [admin]
21-Feb-2022 19:26:28.707 WARNING [http-nio-8080-exec-34] org.apache.catalina.realm.LockOutRealm.filterLockedAccounts Se ha intentado autenticar al usuario bloqueado [admin]
21-Feb-2022 19:26:29.289 WARNING [http-nio-8080-exec-39] org.apache.catalina.realm.LockOutRealm.filterLockedAccounts Se ha intentado autenticar al usuario bloqueado [admin]
21-Feb-2022 19:26:29.691 WARNING [http-nio-8080-exec-31] org.apache.catalina.realm.LockOutRealm.filterLockedAccounts Se ha intentado autenticar al usuario bloqueado [admin]
21-Feb-2022 19:26:29.889 WARNING [http-nio-8080-exec-37] org.apache.catalina.realm.LockOutRealm.filterLockedAccounts Se ha intentado autenticar al usuario bloqueado [admin]
21-Feb-2022 19:26:30.288 WARNING [http-nio-8080-exec-32] org.apache.catalina.realm.LockOutRealm.filterLockedAccounts Se ha intentado autenticar al usuario bloqueado [admin]
21-Feb-2022 19:26:31.063 WARNING [http-nio-8080-exec-35] org.apache.catalina.realm.LockOutRealm.filterLockedAccounts Se ha intentado autenticar al usuario bloqueado [admin]
21-Feb-2022 19:26:31.068 WARNING [http-nio-8080-exec-36] org.apache.catalina.realm.LockOutRealm.filterLockedAccounts Se ha intentado autenticar al usuario bloqueado [admin]
21-Feb-2022 19:29:13.625 WARNING [http-nio-8080-exec-39] org.apache.catalina.realm.LockOutRealm.filterLockedAccounts Se ha intentado autenticar al usuario bloqueado [admin]
21-Feb-2022 19:29:14.338 WARNING [http-nio-8080-exec-36] org.apache.catalina.realm.LockOutRealm.filterLockedAccounts Se ha intentado autenticar al usuario bloqueado [admin]
21-Feb-2022 19:29:14.853 WARNING [http-nio-8080-exec-37] org.apache.catalina.realm.LockOutRealm.filterLockedAccounts Se ha intentado autenticar al usuario bloqueado [admin]
21-Feb-2022 19:29:15.170 WARNING [http-nio-8080-exec-32] org.apache.catalina.realm.LockOutRealm.filterLockedAccounts Se ha intentado autenticar al usuario bloqueado [admin]
21-Feb-2022 19:29:15.653 WARNING [http-nio-8080-exec-35] org.apache.catalina.realm.LockOutRealm.filterLockedAccounts Se ha intentado autenticar al usuario bloqueado [admin]
21-Feb-2022 19:29:15.873 WARNING [http-nio-8080-exec-39] org.apache.catalina.realm.LockOutRealm.filterLockedAccounts Se ha intentado autenticar al usuario bloqueado [admin]
21-Feb-2022 19:29:16.421 WARNING [http-nio-8080-exec-36] org.apache.catalina.realm.LockOutRealm.filterLockedAccounts Se ha intentado autenticar al usuario bloqueado [admin]
21-Feb-2022 19:29:16.654 WARNING [http-nio-8080-exec-37] org.apache.catalina.realm.LockOutRealm.filterLockedAccounts Se ha intentado autenticar al usuario bloqueado [admin]
21-Feb-2022 19:29:16.838 WARNING [http-nio-8080-exec-32] org.apache.catalina.realm.LockOutRealm.filterLockedAccounts Se ha intentado autenticar al usuario bloqueado [admin]
21-Feb-2022 19:29:17.229 INFO [ContainerBackgroundProcessor[StandardEngine[Catalina]]] org.apache.catalina.users.MemoryUserDatabase.backgroundProcess Reloading memory user database [UserDatabase] from updated source [file:/Users/alejandrobazan/Desktop/Argentina%20programa/ejercicios/tomcat%20/apache-tomcat-8.5.75/conf/tomcat-users.xml]
21-Feb-2022 19:32:07.296 INFO [ContainerBackgroundProcessor[StandardEngine[Catalina]]] org.apache.catalina.users.MemoryUserDatabase.backgroundProcess Reloading memory user database [UserDatabase] from updated source [file:/Users/alejandrobazan/Desktop/Argentina%20programa/ejercicios/tomcat%20/apache-tomcat-8.5.75/conf/tomcat-users.xml]
21-Feb-2022 19:32:07.300 SEVERE [ContainerBackgroundProcessor[StandardEngine[Catalina]]] org.apache.tomcat.util.digester.Digester.fatalError Parse Fatal Error at line 56 column 6: The processing instruction target matching "[xX][mM][lL]" is not allowed.
	org.xml.sax.SAXParseException; lineNumber: 56; columnNumber: 6; The processing instruction target matching "[xX][mM][lL]" is not allowed.
		at java.xml/com.sun.org.apache.xerces.internal.util.ErrorHandlerWrapper.createSAXParseException(ErrorHandlerWrapper.java:204)
		at java.xml/com.sun.org.apache.xerces.internal.util.ErrorHandlerWrapper.fatalError(ErrorHandlerWrapper.java:178)
		at java.xml/com.sun.org.apache.xerces.internal.impl.XMLErrorReporter.reportError(XMLErrorReporter.java:400)
		at java.xml/com.sun.org.apache.xerces.internal.impl.XMLErrorReporter.reportError(XMLErrorReporter.java:327)
		at java.xml/com.sun.org.apache.xerces.internal.impl.XMLScanner.reportFatalError(XMLScanner.java:1465)
		at java.xml/com.sun.org.apache.xerces.internal.impl.XMLScanner.scanPIData(XMLScanner.java:745)
		at java.xml/com.sun.org.apache.xerces.internal.impl.XMLDocumentFragmentScannerImpl.scanPIData(XMLDocumentFragmentScannerImpl.java:1059)
		at java.xml/com.sun.org.apache.xerces.internal.impl.XMLScanner.scanPI(XMLScanner.java:713)
		at java.xml/com.sun.org.apache.xerces.internal.impl.XMLDocumentScannerImpl$TrailingMiscDriver.next(XMLDocumentScannerImpl.java:1415)
		at java.xml/com.sun.org.apache.xerces.internal.impl.XMLDocumentScannerImpl.next(XMLDocumentScannerImpl.java:605)
		at java.xml/com.sun.org.apache.xerces.internal.impl.XMLDocumentFragmentScannerImpl.scanDocument(XMLDocumentFragmentScannerImpl.java:542)
		at java.xml/com.sun.org.apache.xerces.internal.parsers.XML11Configuration.parse(XML11Configuration.java:889)
		at java.xml/com.sun.org.apache.xerces.internal.parsers.XML11Configuration.parse(XML11Configuration.java:825)
		at java.xml/com.sun.org.apache.xerces.internal.parsers.XMLParser.parse(XMLParser.java:141)
		at java.xml/com.sun.org.apache.xerces.internal.parsers.AbstractSAXParser.parse(AbstractSAXParser.java:1224)
		at java.xml/com.sun.org.apache.xerces.internal.jaxp.SAXParserImpl$JAXPSAXParser.parse(SAXParserImpl.java:637)
		at org.apache.tomcat.util.digester.Digester.parse(Digester.java:1513)
		at org.apache.catalina.users.MemoryUserDatabase.open(MemoryUserDatabase.java:453)
		at org.apache.catalina.users.MemoryUserDatabase.backgroundProcess(MemoryUserDatabase.java:704)
		at org.apache.catalina.realm.UserDatabaseRealm.backgroundProcess(UserDatabaseRealm.java:138)
		at org.apache.catalina.realm.CombinedRealm.backgroundProcess(CombinedRealm.java:308)
		at org.apache.catalina.core.ContainerBase.backgroundProcess(ContainerBase.java:1156)
		at org.apache.catalina.core.ContainerBase$ContainerBackgroundProcessor.processChildren(ContainerBase.java:1396)
		at org.apache.catalina.core.ContainerBase$ContainerBackgroundProcessor.run(ContainerBase.java:1368)
		at java.base/java.lang.Thread.run(Thread.java:833)
21-Feb-2022 19:32:07.301 SEVERE [ContainerBackgroundProcessor[StandardEngine[Catalina]]] org.apache.catalina.users.MemoryUserDatabase.backgroundProcess Error reloading memory user database [UserDatabase] from updated source [file:/Users/alejandrobazan/Desktop/Argentina%20programa/ejercicios/tomcat%20/apache-tomcat-8.5.75/conf/tomcat-users.xml]
	org.xml.sax.SAXParseException; lineNumber: 56; columnNumber: 6; The processing instruction target matching "[xX][mM][lL]" is not allowed.
		at java.xml/com.sun.org.apache.xerces.internal.parsers.AbstractSAXParser.parse(AbstractSAXParser.java:1251)
		at java.xml/com.sun.org.apache.xerces.internal.jaxp.SAXParserImpl$JAXPSAXParser.parse(SAXParserImpl.java:637)
		at org.apache.tomcat.util.digester.Digester.parse(Digester.java:1513)
		at org.apache.catalina.users.MemoryUserDatabase.open(MemoryUserDatabase.java:453)
		at org.apache.catalina.users.MemoryUserDatabase.backgroundProcess(MemoryUserDatabase.java:704)
		at org.apache.catalina.realm.UserDatabaseRealm.backgroundProcess(UserDatabaseRealm.java:138)
		at org.apache.catalina.realm.CombinedRealm.backgroundProcess(CombinedRealm.java:308)
		at org.apache.catalina.core.ContainerBase.backgroundProcess(ContainerBase.java:1156)
		at org.apache.catalina.core.ContainerBase$ContainerBackgroundProcessor.processChildren(ContainerBase.java:1396)
		at org.apache.catalina.core.ContainerBase$ContainerBackgroundProcessor.run(ContainerBase.java:1368)
		at java.base/java.lang.Thread.run(Thread.java:833)
21-Feb-2022 19:37:17.690 WARNING [http-nio-8080-exec-35] org.apache.catalina.realm.LockOutRealm.filterLockedAccounts Se ha intentado autenticar al usuario bloqueado [tomcat]
21-Feb-2022 19:37:18.033 WARNING [http-nio-8080-exec-39] org.apache.catalina.realm.LockOutRealm.filterLockedAccounts Se ha intentado autenticar al usuario bloqueado [tomcat]
21-Feb-2022 19:37:34.064 WARNING [http-nio-8080-exec-31] org.apache.catalina.realm.LockOutRealm.filterLockedAccounts Se ha intentado autenticar al usuario bloqueado [tomcat]
21-Feb-2022 19:37:53.014 WARNING [http-nio-8080-exec-34] org.apache.catalina.realm.LockOutRealm.filterLockedAccounts Se ha intentado autenticar al usuario bloqueado [tomcat]
21-Feb-2022 19:37:53.780 WARNING [http-nio-8080-exec-39] org.apache.catalina.realm.LockOutRealm.filterLockedAccounts Se ha intentado autenticar al usuario bloqueado [tomcat]
21-Feb-2022 19:37:54.197 WARNING [http-nio-8080-exec-38] org.apache.catalina.realm.LockOutRealm.filterLockedAccounts Se ha intentado autenticar al usuario bloqueado [tomcat]
21-Feb-2022 19:37:54.902 WARNING [http-nio-8080-exec-36] org.apache.catalina.realm.LockOutRealm.filterLockedAccounts Se ha intentado autenticar al usuario bloqueado [tomcat]
21-Feb-2022 19:37:54.905 WARNING [http-nio-8080-exec-32] org.apache.catalina.realm.LockOutRealm.filterLockedAccounts Se ha intentado autenticar al usuario bloqueado [tomcat]
21-Feb-2022 19:39:57.482 INFO [ContainerBackgroundProcessor[StandardEngine[Catalina]]] org.apache.catalina.users.MemoryUserDatabase.backgroundProcess Reloading memory user database [UserDatabase] from updated source [file:/Users/alejandrobazan/Desktop/Argentina%20programa/ejercicios/tomcat%20/apache-tomcat-8.5.75/conf/tomcat-users.xml]
21-Feb-2022 19:44:58.866 INFO [main] org.apache.catalina.core.StandardServer.await Se ha recibido un comando de apagado a través del puerto de apagado. Parando la instancia del Servidor.
21-Feb-2022 19:44:58.866 INFO [main] org.apache.coyote.AbstractProtocol.pause Pausing ProtocolHandler ["http-nio-8080"]
21-Feb-2022 19:44:58.869 INFO [main] org.apache.catalina.core.StandardService.stopInternal Parando servicio [Catalina]
21-Feb-2022 19:44:58.883 INFO [main] org.apache.coyote.AbstractProtocol.stop Stopping ProtocolHandler ["http-nio-8080"]
21-Feb-2022 19:44:58.885 INFO [main] org.apache.coyote.AbstractProtocol.destroy Destroying ProtocolHandler ["http-nio-8080"]
21-Feb-2022 19:45:01.640 INFO [main] org.apache.catalina.startup.VersionLoggerListener.log Nombre de la versión del servidor: Apache Tomcat/8.5.75
21-Feb-2022 19:45:01.642 INFO [main] org.apache.catalina.startup.VersionLoggerListener.log Server built:                      Jan 17 2022 22:07:47 UTC
21-Feb-2022 19:45:01.642 INFO [main] org.apache.catalina.startup.VersionLoggerListener.log Número de versión de servidor:     8.5.75.0
21-Feb-2022 19:45:01.642 INFO [main] org.apache.catalina.startup.VersionLoggerListener.log OS Name:                           Mac OS X
21-Feb-2022 19:45:01.642 INFO [main] org.apache.catalina.startup.VersionLoggerListener.log Versión de Systema Operativo:      12.0.1
21-Feb-2022 19:45:01.643 INFO [main] org.apache.catalina.startup.VersionLoggerListener.log Arquitectura:                      x86_64
21-Feb-2022 19:45:01.643 INFO [main] org.apache.catalina.startup.VersionLoggerListener.log Java Home:                         /Library/Java/JavaVirtualMachines/jdk-17.0.2.jdk/Contents/Home
21-Feb-2022 19:45:01.643 INFO [main] org.apache.catalina.startup.VersionLoggerListener.log JVM Version:                       17.0.2+8-LTS-86
21-Feb-2022 19:45:01.643 INFO [main] org.apache.catalina.startup.VersionLoggerListener.log Vededor JVM:                       Oracle Corporation
21-Feb-2022 19:45:01.643 INFO [main] org.apache.catalina.startup.VersionLoggerListener.log CATALINA_BASE:                     /Users/alejandrobazan/Desktop/Argentina programa/ejercicios/tomcat /apache-tomcat-8.5.75
21-Feb-2022 19:45:01.643 INFO [main] org.apache.catalina.startup.VersionLoggerListener.log CATALINA_HOME:                     /Users/alejandrobazan/Desktop/Argentina programa/ejercicios/tomcat /apache-tomcat-8.5.75
21-Feb-2022 19:45:01.644 INFO [main] org.apache.catalina.startup.VersionLoggerListener.log Command line argument:             --add-opens=java.base/java.lang=ALL-UNNAMED
21-Feb-2022 19:45:01.644 INFO [main] org.apache.catalina.startup.VersionLoggerListener.log Command line argument:             --add-opens=java.base/java.io=ALL-UNNAMED
21-Feb-2022 19:45:01.644 INFO [main] org.apache.catalina.startup.VersionLoggerListener.log Command line argument:             --add-opens=java.base/java.util=ALL-UNNAMED
21-Feb-2022 19:45:01.645 INFO [main] org.apache.catalina.startup.VersionLoggerListener.log Command line argument:             --add-opens=java.base/java.util.concurrent=ALL-UNNAMED
21-Feb-2022 19:45:01.645 INFO [main] org.apache.catalina.startup.VersionLoggerListener.log Command line argument:             --add-opens=java.rmi/sun.rmi.transport=ALL-UNNAMED
21-Feb-2022 19:45:01.645 INFO [main] org.apache.catalina.startup.VersionLoggerListener.log Command line argument:             -Djava.util.logging.config.file=/Users/alejandrobazan/Desktop/Argentina programa/ejercicios/tomcat /apache-tomcat-8.5.75/conf/logging.properties
21-Feb-2022 19:45:01.645 INFO [main] org.apache.catalina.startup.VersionLoggerListener.log Command line argument:             -Djava.util.logging.manager=org.apache.juli.ClassLoaderLogManager
21-Feb-2022 19:45:01.645 INFO [main] org.apache.catalina.startup.VersionLoggerListener.log Command line argument:             -Dhttp.nonProxyHosts=localhost|127.0.0.1|MacBook-Pro-de-Alejandro.local
21-Feb-2022 19:45:01.645 INFO [main] org.apache.catalina.startup.VersionLoggerListener.log Command line argument:             -Djdk.tls.ephemeralDHKeySize=2048
21-Feb-2022 19:45:01.645 INFO [main] org.apache.catalina.startup.VersionLoggerListener.log Command line argument:             -Djava.protocol.handler.pkgs=org.apache.catalina.webresources
21-Feb-2022 19:45:01.645 INFO [main] org.apache.catalina.startup.VersionLoggerListener.log Command line argument:             -Dorg.apache.catalina.security.SecurityListener.UMASK=0027
21-Feb-2022 19:45:01.645 INFO [main] org.apache.catalina.startup.VersionLoggerListener.log Command line argument:             -Dignore.endorsed.dirs=
21-Feb-2022 19:45:01.645 INFO [main] org.apache.catalina.startup.VersionLoggerListener.log Command line argument:             -Dcatalina.base=/Users/alejandrobazan/Desktop/Argentina programa/ejercicios/tomcat /apache-tomcat-8.5.75
21-Feb-2022 19:45:01.645 INFO [main] org.apache.catalina.startup.VersionLoggerListener.log Command line argument:             -Dcatalina.home=/Users/alejandrobazan/Desktop/Argentina programa/ejercicios/tomcat /apache-tomcat-8.5.75
21-Feb-2022 19:45:01.645 INFO [main] org.apache.catalina.startup.VersionLoggerListener.log Command line argument:             -Djava.io.tmpdir=/Users/alejandrobazan/Desktop/Argentina programa/ejercicios/tomcat /apache-tomcat-8.5.75/temp
21-Feb-2022 19:45:01.646 INFO [main] org.apache.catalina.core.AprLifecycleListener.lifecycleEvent La biblioteca nativa de Apache Tomcat basada en ARP que permite un rendimiento óptimo en entornos de desarrollo no ha sido hallada en java.library.path: [/Users/alejandrobazan/Library/Java/Extensions:/Library/Java/Extensions:/Network/Library/Java/Extensions:/System/Library/Java/Extensions:/usr/lib/java:.]
21-Feb-2022 19:45:01.681 INFO [main] org.apache.coyote.AbstractProtocol.init Inicializando el manejador de protocolo ["http-nio-8080"]

21-Feb-2022 19:45:01.701 INFO [main] org.apache.tomcat.util.net.NioSelectorPool.getSharedSelector Using a shared selector for servlet write/read
21-Feb-2022 19:45:01.710 INFO [main] org.apache.catalina.startup.Catalina.load Initialization processed in 436 ms
21-Feb-2022 19:45:01.743 INFO [main] org.apache.catalina.core.StandardService.startInternal Arrancando servicio [Catalina]
21-Feb-2022 19:45:01.743 INFO [main] org.apache.catalina.core.StandardEngine.startInternal Starting Servlet engine: [Apache Tomcat/8.5.75]
21-Feb-2022 19:45:01.749 INFO [localhost-startStop-1] org.apache.catalina.startup.HostConfig.deployDirectory Desplegando el directorio [/Users/alejandrobazan/Desktop/Argentina programa/ejercicios/tomcat /apache-tomcat-8.5.75/webapps/docs] de la aplicación web
21-Feb-2022 19:45:01.962 INFO [localhost-startStop-1] org.apache.catalina.startup.HostConfig.deployDirectory Deployment of web application directory [/Users/alejandrobazan/Desktop/Argentina programa/ejercicios/tomcat /apache-tomcat-8.5.75/webapps/docs] has finished in [211] ms
21-Feb-2022 19:45:01.962 INFO [localhost-startStop-1] org.apache.catalina.startup.HostConfig.deployDirectory Desplegando el directorio [/Users/alejandrobazan/Desktop/Argentina programa/ejercicios/tomcat /apache-tomcat-8.5.75/webapps/manager] de la aplicación web
21-Feb-2022 19:45:02.011 INFO [localhost-startStop-1] org.apache.catalina.startup.HostConfig.deployDirectory Deployment of web application directory [/Users/alejandrobazan/Desktop/Argentina programa/ejercicios/tomcat /apache-tomcat-8.5.75/webapps/manager] has finished in [49] ms
21-Feb-2022 19:45:02.011 INFO [localhost-startStop-1] org.apache.catalina.startup.HostConfig.deployDirectory Desplegando el directorio [/Users/alejandrobazan/Desktop/Argentina programa/ejercicios/tomcat /apache-tomcat-8.5.75/webapps/examples] de la aplicación web
21-Feb-2022 19:45:02.296 INFO [localhost-startStop-1] org.apache.catalina.startup.HostConfig.deployDirectory Deployment of web application directory [/Users/alejandrobazan/Desktop/Argentina programa/ejercicios/tomcat /apache-tomcat-8.5.75/webapps/examples] has finished in [285] ms
21-Feb-2022 19:45:02.296 INFO [localhost-startStop-1] org.apache.catalina.startup.HostConfig.deployDirectory Desplegando el directorio [/Users/alejandrobazan/Desktop/Argentina programa/ejercicios/tomcat /apache-tomcat-8.5.75/webapps/ROOT] de la aplicación web
21-Feb-2022 19:45:02.312 INFO [localhost-startStop-1] org.apache.catalina.startup.HostConfig.deployDirectory Deployment of web application directory [/Users/alejandrobazan/Desktop/Argentina programa/ejercicios/tomcat /apache-tomcat-8.5.75/webapps/ROOT] has finished in [16] ms
21-Feb-2022 19:45:02.312 INFO [localhost-startStop-1] org.apache.catalina.startup.HostConfig.deployDirectory Desplegando el directorio [/Users/alejandrobazan/Desktop/Argentina programa/ejercicios/tomcat /apache-tomcat-8.5.75/webapps/host-manager] de la aplicación web
21-Feb-2022 19:45:02.331 INFO [localhost-startStop-1] org.apache.catalina.startup.HostConfig.deployDirectory Deployment of web application directory [/Users/alejandrobazan/Desktop/Argentina programa/ejercicios/tomcat /apache-tomcat-8.5.75/webapps/host-manager] has finished in [19] ms
21-Feb-2022 19:45:02.334 INFO [main] org.apache.coyote.AbstractProtocol.start Starting ProtocolHandler ["http-nio-8080"]
21-Feb-2022 19:45:02.341 INFO [main] org.apache.catalina.startup.Catalina.start Server startup in 630 ms
21-Feb-2022 19:49:02.438 INFO [ContainerBackgroundProcessor[StandardEngine[Catalina]]] org.apache.catalina.users.MemoryUserDatabase.backgroundProcess Reloading memory user database [UserDatabase] from updated source [file:/Users/alejandrobazan/Desktop/Argentina%20programa/ejercicios/tomcat%20/apache-tomcat-8.5.75/conf/tomcat-users.xml]
21-Feb-2022 19:49:23.790 INFO [http-nio-8080-exec-4] org.apache.catalina.startup.HostConfig.deployDescriptor Desplieque del descriptor de configuración [/Users/alejandrobazan/Desktop/Argentina programa/ejercicios/tomcat /apache-tomcat-8.5.75/conf/Catalina/localhost/PruebaJSP.xml]
21-Feb-2022 19:49:24.498 INFO [http-nio-8080-exec-4] org.apache.jasper.servlet.TldScanner.scanJars Al menos un JAR, que se ha explorado buscando TLDs, aún no contenía TLDs. Activar historial de depuración para este historiador para una completa lista de los JARs que fueron explorados y de los que nos se halló TLDs. Saltarse JARs no necesarios durante la exploración puede dar lugar a una mejora de tiempo significativa en el arranque y compilación de JSP .
21-Feb-2022 19:49:24.501 INFO [http-nio-8080-exec-4] org.apache.catalina.startup.HostConfig.deployDescriptor Deployment of deployment descriptor [/Users/alejandrobazan/Desktop/Argentina programa/ejercicios/tomcat /apache-tomcat-8.5.75/conf/Catalina/localhost/PruebaJSP.xml] has finished in [711] ms
21-Feb-2022 19:49:24.506 INFO [http-nio-8080-exec-5] org.apache.catalina.util.LifecycleBase.start The start() method was called on component [StandardEngine[Catalina].StandardHost[localhost].StandardContext[/PruebaJSP]] after start() had already been called. The second call will be ignored.
